#
# There is insufficient memory for the Java Runtime Environment to continue.
# Native memory allocation (malloc) failed to allocate 32744 bytes for ChunkPool::allocate
# Possible reasons:
#   The system is out of physical RAM or swap space
#   In 32 bit mode, the process size limit was hit
# Possible solutions:
#   Reduce memory load on the system
#   Increase physical memory or swap space
#   Check if swap backing store is full
#   Use 64 bit Java on a 64 bit OS
#   Decrease Java heap size (-Xmx/-Xms)
#   Decrease number of Java threads
#   Decrease Java thread stack sizes (-Xss)
#   Set larger code cache with -XX:ReservedCodeCacheSize=
# This output file may be truncated or incomplete.
#
#  Out of Memory Error (allocation.cpp:273), pid=14052, tid=0x0000000000001e40
#
# JRE version: Java(TM) SE Runtime Environment (8.0_151-b12) (build 1.8.0_151-b12)
# Java VM: Java HotSpot(TM) 64-Bit Server VM (25.151-b12 mixed mode windows-amd64 compressed oops)
# Failed to write core dump. Minidumps are not enabled by default on client versions of Windows
#

---------------  T H R E A D  ---------------

Current thread (0x0000000018c74000):  JavaThread "C1 CompilerThread2" daemon [_thread_in_native, id=7744, stack(0x0000000019240000,0x0000000019340000)]

Stack: [0x0000000019240000,0x0000000019340000]
[error occurred during error reporting (printing stack bounds), id 0xc0000005]

Native frames: (J=compiled Java code, j=interpreted, Vv=VM code, C=native code)


Current CompileTask:
C1:   5828 3195       1       org.springframework.asm.ClassReader::readCode (5085 bytes)


---------------  P R O C E S S  ---------------

Java Threads: ( => current thread )
  0x000000001afb2800 JavaThread "container-0" [_thread_blocked, id=18008, stack(0x000000001c4c0000,0x000000001c5c0000)]
  0x000000001afb1800 JavaThread "Catalina-utility-2" [_thread_blocked, id=20908, stack(0x000000001c3c0000,0x000000001c4c0000)]
  0x000000001afa1000 JavaThread "Catalina-utility-1" [_thread_blocked, id=12572, stack(0x000000001a6f0000,0x000000001a7f0000)]
  0x0000000019861000 JavaThread "RMI Scheduler(0)" daemon [_thread_blocked, id=14024, stack(0x000000001a3f0000,0x000000001a4f0000)]
  0x0000000019864000 JavaThread "RMI TCP Connection(idle)" daemon [_thread_blocked, id=5524, stack(0x000000001a2f0000,0x000000001a3f0000)]
  0x0000000018c7a000 JavaThread "Service Thread" daemon [_thread_blocked, id=3156, stack(0x0000000019340000,0x0000000019440000)]
=>0x0000000018c74000 JavaThread "C1 CompilerThread2" daemon [_thread_in_native, id=7744, stack(0x0000000019240000,0x0000000019340000)]
  0x0000000018c0c000 JavaThread "C2 CompilerThread1" daemon [_thread_blocked, id=19700, stack(0x0000000019140000,0x0000000019240000)]
  0x0000000018c09000 JavaThread "C2 CompilerThread0" daemon [_thread_blocked, id=8996, stack(0x0000000019040000,0x0000000019140000)]
  0x0000000018c07800 JavaThread "Monitor Ctrl-Break" daemon [_thread_in_native, id=21452, stack(0x0000000018f40000,0x0000000019040000)]
  0x00000000175f6000 JavaThread "Attach Listener" daemon [_thread_blocked, id=23420, stack(0x0000000018e40000,0x0000000018f40000)]
  0x00000000175e3000 JavaThread "Signal Dispatcher" daemon [_thread_blocked, id=13872, stack(0x0000000018d40000,0x0000000018e40000)]
  0x0000000002a8e000 JavaThread "Finalizer" daemon [_thread_blocked, id=10540, stack(0x0000000018840000,0x0000000018940000)]
  0x0000000002a85000 JavaThread "Reference Handler" daemon [_thread_blocked, id=13128, stack(0x0000000018740000,0x0000000018840000)]
  0x0000000002996000 JavaThread "main" [_thread_in_vm, id=14996, stack(0x0000000002720000,0x0000000002820000)]

Other Threads:
  0x0000000017597000 VMThread [stack: 0x0000000018640000,0x0000000018740000] [id=21364]
  0x00000000195e9800 WatcherThread [stack: 0x0000000019d40000,0x0000000019e40000] [id=8264]

VM state:not at safepoint (normal execution)

VM Mutex/Monitor currently owned by a thread: None

Heap:
 PSYoungGen      total 138240K, used 32156K [0x00000000d5e00000, 0x00000000e4680000, 0x0000000100000000)
  eden space 133120K, 20% used [0x00000000d5e00000,0x00000000d786a000,0x00000000de000000)
  from space 5120K, 99% used [0x00000000de000000,0x00000000de4fd020,0x00000000de500000)
  to   space 16896K, 0% used [0x00000000e3600000,0x00000000e3600000,0x00000000e4680000)
 ParOldGen       total 61440K, used 16822K [0x0000000081a00000, 0x0000000085600000, 0x00000000d5e00000)
  object space 61440K, 27% used [0x0000000081a00000,0x0000000082a6dae8,0x0000000085600000)
 Metaspace       used 32775K, capacity 35110K, committed 35328K, reserved 1081344K
  class space    used 4450K, capacity 4861K, committed 4864K, reserved 1048576K

Card table byte_map: [0x0000000011e50000,0x0000000012250000] byte_map_base: 0x0000000011a43000

Marking Bits: (ParMarkBitMap*) 0x0000000062edd850
 Begin Bits: [0x0000000012900000, 0x0000000014898000)
 End Bits:   [0x0000000014898000, 0x0000000016830000)

Polling page: 0x0000000002280000

CodeCache: size=245760Kb used=6445Kb max_used=6445Kb free=239314Kb
 bounds [0x0000000002a90000, 0x00000000030e0000, 0x0000000011a90000]
 total_blobs=3626 nmethods=3194 adapters=344
 compilation: enabled

Compilation events (10 events):
Event: 5.814 Thread 0x0000000018c74000 nmethod 3191 0x00000000030d9d10 code [0x00000000030d9ea0, 0x00000000030da128]
Event: 5.814 Thread 0x0000000018c74000 3190       1       sun.reflect.generics.reflectiveObjects.ParameterizedTypeImpl::<init> (35 bytes)
Event: 5.815 Thread 0x0000000018c74000 nmethod 3190 0x00000000030da350 code [0x00000000030da4e0, 0x00000000030da718]
Event: 5.817 Thread 0x0000000018c74000 3192       1       org.springframework.asm.MethodVisitor::<init> (7 bytes)
Event: 5.817 Thread 0x0000000018c74000 nmethod 3192 0x00000000030da8d0 code [0x00000000030daa20, 0x00000000030dab48]
Event: 5.818 Thread 0x0000000018c74000 3193       1       org.springframework.core.LocalVariableTableParameterNameDiscoverer$LocalVariableTableVisitor::visitLocalVariable (45 bytes)
Event: 5.818 Thread 0x0000000018c74000 nmethod 3193 0x00000000030dabd0 code [0x00000000030dad40, 0x00000000030daf30]
Event: 5.818 Thread 0x0000000018c74000 3194       1       org.springframework.asm.ClassReader::createLabel (21 bytes)
Event: 5.818 Thread 0x0000000018c74000 nmethod 3194 0x00000000030db0d0 code [0x00000000030db240, 0x00000000030db4d0]
Event: 5.818 Thread 0x0000000018c74000 3195       1       org.springframework.asm.ClassReader::readCode (5085 bytes)

GC Heap History (10 events):
Event: 1.868 GC heap before
{Heap before GC invocations=2 (full 0):
 PSYoungGen      total 38400K, used 37906K [0x00000000d5e00000, 0x00000000da900000, 0x0000000100000000)
  eden space 33280K, 100% used [0x00000000d5e00000,0x00000000d7e80000,0x00000000d7e80000)
  from space 5120K, 90% used [0x00000000d7e80000,0x00000000d83048d0,0x00000000d8380000)
  to   space 5120K, 0% used [0x00000000da400000,0x00000000da400000,0x00000000da900000)
 ParOldGen       total 87552K, used 8K [0x0000000081a00000, 0x0000000086f80000, 0x00000000d5e00000)
  object space 87552K, 0% used [0x0000000081a00000,0x0000000081a02000,0x0000000086f80000)
 Metaspace       used 14760K, capacity 15478K, committed 15744K, reserved 1062912K
  class space    used 1931K, capacity 2101K, committed 2176K, reserved 1048576K
Event: 1.875 GC heap after
Heap after GC invocations=2 (full 0):
 PSYoungGen      total 71680K, used 5097K [0x00000000d5e00000, 0x00000000da900000, 0x0000000100000000)
  eden space 66560K, 0% used [0x00000000d5e00000,0x00000000d5e00000,0x00000000d9f00000)
  from space 5120K, 99% used [0x00000000da400000,0x00000000da8fa740,0x00000000da900000)
  to   space 5120K, 0% used [0x00000000d9f00000,0x00000000d9f00000,0x00000000da400000)
 ParOldGen       total 87552K, used 1357K [0x0000000081a00000, 0x0000000086f80000, 0x00000000d5e00000)
  object space 87552K, 1% used [0x0000000081a00000,0x0000000081b534b8,0x0000000086f80000)
 Metaspace       used 14760K, capacity 15478K, committed 15744K, reserved 1062912K
  class space    used 1931K, capacity 2101K, committed 2176K, reserved 1048576K
}
Event: 2.592 GC heap before
{Heap before GC invocations=3 (full 0):
 PSYoungGen      total 71680K, used 71657K [0x00000000d5e00000, 0x00000000da900000, 0x0000000100000000)
  eden space 66560K, 100% used [0x00000000d5e00000,0x00000000d9f00000,0x00000000d9f00000)
  from space 5120K, 99% used [0x00000000da400000,0x00000000da8fa740,0x00000000da900000)
  to   space 5120K, 0% used [0x00000000d9f00000,0x00000000d9f00000,0x00000000da400000)
 ParOldGen       total 87552K, used 1357K [0x0000000081a00000, 0x0000000086f80000, 0x00000000d5e00000)
  object space 87552K, 1% used [0x0000000081a00000,0x0000000081b534b8,0x0000000086f80000)
 Metaspace       used 19723K, capacity 20734K, committed 20992K, reserved 1067008K
  class space    used 2601K, capacity 2813K, committed 2816K, reserved 1048576K
Event: 2.604 GC heap after
Heap after GC invocations=3 (full 0):
 PSYoungGen      total 71680K, used 5112K [0x00000000d5e00000, 0x00000000dea00000, 0x0000000100000000)
  eden space 66560K, 0% used [0x00000000d5e00000,0x00000000d5e00000,0x00000000d9f00000)
  from space 5120K, 99% used [0x00000000d9f00000,0x00000000da3fe030,0x00000000da400000)
  to   space 5120K, 0% used [0x00000000de500000,0x00000000de500000,0x00000000dea00000)
 ParOldGen       total 87552K, used 7854K [0x0000000081a00000, 0x0000000086f80000, 0x00000000d5e00000)
  object space 87552K, 8% used [0x0000000081a00000,0x00000000821aba48,0x0000000086f80000)
 Metaspace       used 19723K, capacity 20734K, committed 20992K, reserved 1067008K
  class space    used 2601K, capacity 2813K, committed 2816K, reserved 1048576K
}
Event: 2.743 GC heap before
{Heap before GC invocations=4 (full 0):
 PSYoungGen      total 71680K, used 16300K [0x00000000d5e00000, 0x00000000dea00000, 0x0000000100000000)
  eden space 66560K, 16% used [0x00000000d5e00000,0x00000000d68ed370,0x00000000d9f00000)
  from space 5120K, 99% used [0x00000000d9f00000,0x00000000da3fe030,0x00000000da400000)
  to   space 5120K, 0% used [0x00000000de500000,0x00000000de500000,0x00000000dea00000)
 ParOldGen       total 87552K, used 7854K [0x0000000081a00000, 0x0000000086f80000, 0x00000000d5e00000)
  object space 87552K, 8% used [0x0000000081a00000,0x00000000821aba48,0x0000000086f80000)
 Metaspace       used 20214K, capacity 21240K, committed 21296K, reserved 1067008K
  class space    used 2680K, capacity 2904K, committed 2944K, reserved 1048576K
Event: 2.749 GC heap after
Heap after GC invocations=4 (full 0):
 PSYoungGen      total 138240K, used 5101K [0x00000000d5e00000, 0x00000000dea00000, 0x0000000100000000)
  eden space 133120K, 0% used [0x00000000d5e00000,0x00000000d5e00000,0x00000000de000000)
  from space 5120K, 99% used [0x00000000de500000,0x00000000de9fb798,0x00000000dea00000)
  to   space 5120K, 0% used [0x00000000de000000,0x00000000de000000,0x00000000de500000)
 ParOldGen       total 87552K, used 8385K [0x0000000081a00000, 0x0000000086f80000, 0x00000000d5e00000)
  object space 87552K, 9% used [0x0000000081a00000,0x00000000822306a8,0x0000000086f80000)
 Metaspace       used 20214K, capacity 21240K, committed 21296K, reserved 1067008K
  class space    used 2680K, capacity 2904K, committed 2944K, reserved 1048576K
}
Event: 2.749 GC heap before
{Heap before GC invocations=5 (full 1):
 PSYoungGen      total 138240K, used 5101K [0x00000000d5e00000, 0x00000000dea00000, 0x0000000100000000)
  eden space 133120K, 0% used [0x00000000d5e00000,0x00000000d5e00000,0x00000000de000000)
  from space 5120K, 99% used [0x00000000de500000,0x00000000de9fb798,0x00000000dea00000)
  to   space 5120K, 0% used [0x00000000de000000,0x00000000de000000,0x00000000de500000)
 ParOldGen       total 87552K, used 8385K [0x0000000081a00000, 0x0000000086f80000, 0x00000000d5e00000)
  object space 87552K, 9% used [0x0000000081a00000,0x00000000822306a8,0x0000000086f80000)
 Metaspace       used 20214K, capacity 21240K, committed 21296K, reserved 1067008K
  class space    used 2680K, capacity 2904K, committed 2944K, reserved 1048576K
Event: 2.793 GC heap after
Heap after GC invocations=5 (full 1):
 PSYoungGen      total 138240K, used 0K [0x00000000d5e00000, 0x00000000dea00000, 0x0000000100000000)
  eden space 133120K, 0% used [0x00000000d5e00000,0x00000000d5e00000,0x00000000de000000)
  from space 5120K, 0% used [0x00000000de500000,0x00000000de500000,0x00000000dea00000)
  to   space 5120K, 0% used [0x00000000de000000,0x00000000de000000,0x00000000de500000)
 ParOldGen       total 61440K, used 6675K [0x0000000081a00000, 0x0000000085600000, 0x00000000d5e00000)
  object space 61440K, 10% used [0x0000000081a00000,0x0000000082084fb8,0x0000000085600000)
 Metaspace       used 20214K, capacity 21240K, committed 21296K, reserved 1067008K
  class space    used 2680K, capacity 2904K, committed 2944K, reserved 1048576K
}
Event: 5.597 GC heap before
{Heap before GC invocations=6 (full 1):
 PSYoungGen      total 138240K, used 133120K [0x00000000d5e00000, 0x00000000dea00000, 0x0000000100000000)
  eden space 133120K, 100% used [0x00000000d5e00000,0x00000000de000000,0x00000000de000000)
  from space 5120K, 0% used [0x00000000de500000,0x00000000de500000,0x00000000dea00000)
  to   space 5120K, 0% used [0x00000000de000000,0x00000000de000000,0x00000000de500000)
 ParOldGen       total 61440K, used 6675K [0x0000000081a00000, 0x0000000085600000, 0x00000000d5e00000)
  object space 61440K, 10% used [0x0000000081a00000,0x0000000082084fb8,0x0000000085600000)
 Metaspace       used 31087K, capacity 33336K, committed 33536K, reserved 1079296K
  class space    used 4178K, capacity 4590K, committed 4608K, reserved 1048576K
Event: 5.614 GC heap after
Heap after GC invocations=6 (full 1):
 PSYoungGen      total 138240K, used 5108K [0x00000000d5e00000, 0x00000000e4680000, 0x0000000100000000)
  eden space 133120K, 0% used [0x00000000d5e00000,0x00000000d5e00000,0x00000000de000000)
  from space 5120K, 99% used [0x00000000de000000,0x00000000de4fd020,0x00000000de500000)
  to   space 16896K, 0% used [0x00000000e3600000,0x00000000e3600000,0x00000000e4680000)
 ParOldGen       total 61440K, used 16822K [0x0000000081a00000, 0x0000000085600000, 0x00000000d5e00000)
  object space 61440K, 27% used [0x0000000081a00000,0x0000000082a6dae8,0x0000000085600000)
 Metaspace       used 31087K, capacity 33336K, committed 33536K, reserved 1079296K
  class space    used 4178K, capacity 4590K, committed 4608K, reserved 1048576K
}

Deoptimization events (0 events):
No events

Internal exceptions (10 events):
Event: 5.808 Thread 0x0000000002996000 Exception <a 'java/lang/ClassNotFoundException': org/springframework/context/ApplicationContextAwareCustomizer> (0x00000000d74e55c0) thrown at [C:\re\workspace\8-2-build-windows-amd64-cygwin\jdk8u151\9699\hotspot\src\share\vm\classfile\systemDictionary.cp
Event: 5.809 Thread 0x0000000002996000 Exception <a 'java/lang/ClassNotFoundException': org/springframework/beans/factory/AwareCustomizer> (0x00000000d74f8370) thrown at [C:\re\workspace\8-2-build-windows-amd64-cygwin\jdk8u151\9699\hotspot\src\share\vm\classfile\systemDictionary.cpp, line 210]
Event: 5.809 Thread 0x0000000002996000 Exception <a 'java/lang/ClassNotFoundException': org/springframework/context/ApplicationEventPublisherAwareCustomizer> (0x00000000d750e030) thrown at [C:\re\workspace\8-2-build-windows-amd64-cygwin\jdk8u151\9699\hotspot\src\share\vm\classfile\systemDictio
Event: 5.810 Thread 0x0000000002996000 Exception <a 'java/lang/ClassNotFoundException': org/springframework/beans/factory/AwareCustomizer> (0x00000000d7520e78) thrown at [C:\re\workspace\8-2-build-windows-amd64-cygwin\jdk8u151\9699\hotspot\src\share\vm\classfile\systemDictionary.cpp, line 210]
Event: 5.810 Thread 0x0000000002996000 Exception <a 'java/lang/ClassNotFoundException': org/springframework/beans/factory/BeanNameAwareCustomizer> (0x00000000d7534190) thrown at [C:\re\workspace\8-2-build-windows-amd64-cygwin\jdk8u151\9699\hotspot\src\share\vm\classfile\systemDictionary.cpp, l
Event: 5.811 Thread 0x0000000002996000 Exception <a 'java/lang/ClassNotFoundException': org/springframework/beans/factory/AwareCustomizer> (0x00000000d7546928) thrown at [C:\re\workspace\8-2-build-windows-amd64-cygwin\jdk8u151\9699\hotspot\src\share\vm\classfile\systemDictionary.cpp, line 210]
Event: 5.811 Thread 0x0000000002996000 Exception <a 'java/lang/ClassNotFoundException': org/springframework/beans/factory/InitializingBeanCustomizer> (0x00000000d755a9b8) thrown at [C:\re\workspace\8-2-build-windows-amd64-cygwin\jdk8u151\9699\hotspot\src\share\vm\classfile\systemDictionary.cpp
Event: 5.813 Thread 0x0000000002996000 Exception <a 'java/lang/ClassNotFoundException': java/lang/ObjectCustomizer> (0x00000000d7589ad8) thrown at [C:\re\workspace\8-2-build-windows-amd64-cygwin\jdk8u151\9699\hotspot\src\share\vm\classfile\systemDictionary.cpp, line 210]
Event: 5.813 Thread 0x0000000002996000 Exception <a 'java/lang/ClassNotFoundException': org/springframework/jmx/export/metadata/AbstractJmxAttributeCustomizer> (0x00000000d75a3548) thrown at [C:\re\workspace\8-2-build-windows-amd64-cygwin\jdk8u151\9699\hotspot\src\share\vm\classfile\systemDict
Event: 5.814 Thread 0x0000000002996000 Exception <a 'java/lang/ClassNotFoundException': org/springframework/jmx/export/metadata/ManagedOperationCustomizer> (0x00000000d75bded8) thrown at [C:\re\workspace\8-2-build-windows-amd64-cygwin\jdk8u151\9699\hotspot\src\share\vm\classfile\systemDictiona

Events (10 events):
Event: 5.816 loading class org/springframework/jmx/export/metadata/ManagedOperationParameter
Event: 5.816 loading class org/springframework/jmx/export/metadata/ManagedOperationParameter done
Event: 5.823 loading class org/springframework/jmx/export/annotation/ManagedNotification
Event: 5.823 loading class org/springframework/jmx/export/annotation/ManagedNotification done
Event: 5.823 loading class org/springframework/jmx/export/annotation/ManagedNotifications
Event: 5.823 loading class org/springframework/jmx/export/annotation/ManagedNotifications done
Event: 5.824 loading class org/springframework/jmx/export/metadata/ManagedNotification
Event: 5.824 loading class org/springframework/jmx/export/metadata/ManagedNotification done
Event: 5.825 loading class org/springframework/jmx/export/notification/NotificationPublisherAware
Event: 5.825 loading class org/springframework/jmx/export/notification/NotificationPublisherAware done


Dynamic libraries:
0x00007ff79b0a0000 - 0x00007ff79b0d7000 	C:\Program Files\Java\jdk1.8.0_151\bin\java.exe
0x00007ffd19d50000 - 0x00007ffd19f46000 	C:\WINDOWS\SYSTEM32\ntdll.dll
0x00007ffd187b0000 - 0x00007ffd1886d000 	C:\WINDOWS\System32\KERNEL32.DLL
0x00007ffd17570000 - 0x00007ffd17839000 	C:\WINDOWS\System32\KERNELBASE.dll
0x00007ffd17f60000 - 0x00007ffd1800c000 	C:\WINDOWS\System32\ADVAPI32.dll
0x00007ffd18a40000 - 0x00007ffd18ade000 	C:\WINDOWS\System32\msvcrt.dll
0x00007ffd18870000 - 0x00007ffd1890c000 	C:\WINDOWS\System32\sechost.dll
0x00007ffd18df0000 - 0x00007ffd18f1b000 	C:\WINDOWS\System32\RPCRT4.dll
0x00007ffd17dc0000 - 0x00007ffd17f60000 	C:\WINDOWS\System32\USER32.dll
0x00007ffd17840000 - 0x00007ffd17862000 	C:\WINDOWS\System32\win32u.dll
0x00007ffd18010000 - 0x00007ffd1803a000 	C:\WINDOWS\System32\GDI32.dll
0x00007ffd17ca0000 - 0x00007ffd17da9000 	C:\WINDOWS\System32\gdi32full.dll
0x00007ffd17950000 - 0x00007ffd179ed000 	C:\WINDOWS\System32\msvcp_win.dll
0x00007ffd179f0000 - 0x00007ffd17af0000 	C:\WINDOWS\System32\ucrtbase.dll
0x00007ffd06b80000 - 0x00007ffd06e1b000 	C:\WINDOWS\WinSxS\amd64_microsoft.windows.common-controls_6595b64144ccf1df_6.0.19041.488_none_ca04af081b815d21\COMCTL32.dll
0x00007ffd19ce0000 - 0x00007ffd19d10000 	C:\WINDOWS\System32\IMM32.DLL
0x0000000063a40000 - 0x0000000063b12000 	C:\Program Files\Java\jdk1.8.0_151\jre\bin\msvcr100.dll
0x00000000626c0000 - 0x0000000062f5d000 	C:\Program Files\Java\jdk1.8.0_151\jre\bin\server\jvm.dll
0x00007ffd17db0000 - 0x00007ffd17db8000 	C:\WINDOWS\System32\PSAPI.DLL
0x00007ffd01060000 - 0x00007ffd01069000 	C:\WINDOWS\SYSTEM32\WSOCK32.dll
0x00007ffd18970000 - 0x00007ffd189db000 	C:\WINDOWS\System32\WS2_32.dll
0x00007ffd0a3a0000 - 0x00007ffd0a3c7000 	C:\WINDOWS\SYSTEM32\WINMM.dll
0x00007ffd123e0000 - 0x00007ffd123ea000 	C:\WINDOWS\SYSTEM32\VERSION.dll
0x0000000065de0000 - 0x0000000065def000 	C:\Program Files\Java\jdk1.8.0_151\jre\bin\verify.dll
0x0000000065db0000 - 0x0000000065dd9000 	C:\Program Files\Java\jdk1.8.0_151\jre\bin\java.dll
0x00000000639f0000 - 0x0000000063a13000 	C:\Program Files\Java\jdk1.8.0_151\jre\bin\instrument.dll
0x0000000063a20000 - 0x0000000063a36000 	C:\Program Files\Java\jdk1.8.0_151\jre\bin\zip.dll
0x00007ffd18040000 - 0x00007ffd18782000 	C:\WINDOWS\System32\SHELL32.dll
0x00007ffd151d0000 - 0x00007ffd15965000 	C:\WINDOWS\SYSTEM32\windows.storage.dll
0x00007ffd19760000 - 0x00007ffd19ab6000 	C:\WINDOWS\System32\combase.dll
0x00007ffd16f00000 - 0x00007ffd16f2c000 	C:\WINDOWS\SYSTEM32\Wldp.dll
0x00007ffd18f20000 - 0x00007ffd18fce000 	C:\WINDOWS\System32\SHCORE.dll
0x00007ffd18910000 - 0x00007ffd18965000 	C:\WINDOWS\System32\shlwapi.dll
0x00007ffd173c0000 - 0x00007ffd173e6000 	C:\WINDOWS\SYSTEM32\profapi.dll
0x00007ffcfb010000 - 0x00007ffcfb02a000 	F:\IntelliJ IDEA 2020.1\bin\breakgen64.dll
0x00000000639d0000 - 0x00000000639ea000 	C:\Program Files\Java\jdk1.8.0_151\jre\bin\net.dll
0x00007ffd16c80000 - 0x00007ffd16cea000 	C:\WINDOWS\system32\mswsock.dll
0x00007ffd16960000 - 0x00007ffd16a2b000 	C:\WINDOWS\SYSTEM32\DNSAPI.dll
0x00007ffd16920000 - 0x00007ffd1695b000 	C:\WINDOWS\SYSTEM32\IPHLPAPI.DLL
0x00007ffd19750000 - 0x00007ffd19758000 	C:\WINDOWS\System32\NSI.dll
0x00007ffd08390000 - 0x00007ffd0839a000 	C:\Windows\System32\rasadhlp.dll
0x00007ffd08050000 - 0x00007ffd080cf000 	C:\WINDOWS\System32\fwpuclnt.dll
0x00007ffd17920000 - 0x00007ffd17947000 	C:\WINDOWS\System32\bcrypt.dll
0x00000000639c0000 - 0x00000000639cd000 	C:\Program Files\Java\jdk1.8.0_151\jre\bin\management.dll
0x00000000639a0000 - 0x00000000639b1000 	C:\Program Files\Java\jdk1.8.0_151\jre\bin\nio.dll
0x00007ffd16e60000 - 0x00007ffd16e78000 	C:\WINDOWS\SYSTEM32\CRYPTSP.dll
0x00007ffd165a0000 - 0x00007ffd165d4000 	C:\WINDOWS\system32\rsaenh.dll
0x00007ffd17340000 - 0x00007ffd1736e000 	C:\WINDOWS\SYSTEM32\USERENV.dll
0x00007ffd174f0000 - 0x00007ffd17570000 	C:\WINDOWS\System32\bcryptprimitives.dll
0x00007ffd16e50000 - 0x00007ffd16e5c000 	C:\WINDOWS\SYSTEM32\CRYPTBASE.dll
0x00007ffd14ed0000 - 0x00007ffd14ee7000 	C:\WINDOWS\SYSTEM32\dhcpcsvc6.DLL
0x00007ffd14de0000 - 0x00007ffd14dfd000 	C:\WINDOWS\SYSTEM32\dhcpcsvc.DLL
0x00007ffcf66d0000 - 0x00007ffcf66e7000 	C:\WINDOWS\system32\napinsp.dll
0x00007ffcf66b0000 - 0x00007ffcf66cb000 	C:\WINDOWS\system32\pnrpnsp.dll
0x00007ffcf6690000 - 0x00007ffcf66a5000 	C:\WINDOWS\system32\wshbth.dll
0x00007ffd0fdd0000 - 0x00007ffd0fded000 	C:\WINDOWS\system32\NLAapi.dll
0x00007ffcf6670000 - 0x00007ffcf6682000 	C:\WINDOWS\System32\winrnr.dll
0x0000000063970000 - 0x0000000063994000 	C:\Program Files\Java\jdk1.8.0_151\jre\bin\sunec.dll
0x0000000063960000 - 0x000000006396b000 	C:\Program Files\Java\jdk1.8.0_151\jre\bin\sunmscapi.dll
0x00007ffd17af0000 - 0x00007ffd17c4d000 	C:\WINDOWS\System32\CRYPT32.dll

VM Arguments:
jvm_args: -XX:TieredStopAtLevel=1 -Xverify:none -Dspring.output.ansi.enabled=always -Dcom.sun.management.jmxremote -Dspring.jmx.enabled=true -Dspring.liveBeansView.mbeanDomain -Dspring.application.admin.enabled=true -javaagent:F:\IntelliJ IDEA 2020.1\lib\idea_rt.jar=14194:F:\IntelliJ IDEA 2020.1\bin -Dfile.encoding=UTF-8 
java_command: com.zwl.mailserver.MailServerApplication
java_class_path (initial): C:\Program Files\Java\jdk1.8.0_151\jre\lib\charsets.jar;C:\Program Files\Java\jdk1.8.0_151\jre\lib\deploy.jar;C:\Program Files\Java\jdk1.8.0_151\jre\lib\ext\access-bridge-64.jar;C:\Program Files\Java\jdk1.8.0_151\jre\lib\ext\cldrdata.jar;C:\Program Files\Java\jdk1.8.0_151\jre\lib\ext\dnsns.jar;C:\Program Files\Java\jdk1.8.0_151\jre\lib\ext\jaccess.jar;C:\Program Files\Java\jdk1.8.0_151\jre\lib\ext\jfxrt.jar;C:\Program Files\Java\jdk1.8.0_151\jre\lib\ext\localedata.jar;C:\Program Files\Java\jdk1.8.0_151\jre\lib\ext\nashorn.jar;C:\Program Files\Java\jdk1.8.0_151\jre\lib\ext\sunec.jar;C:\Program Files\Java\jdk1.8.0_151\jre\lib\ext\sunjce_provider.jar;C:\Program Files\Java\jdk1.8.0_151\jre\lib\ext\sunmscapi.jar;C:\Program Files\Java\jdk1.8.0_151\jre\lib\ext\sunpkcs11.jar;C:\Program Files\Java\jdk1.8.0_151\jre\lib\ext\zipfs.jar;C:\Program Files\Java\jdk1.8.0_151\jre\lib\javaws.jar;C:\Program Files\Java\jdk1.8.0_151\jre\lib\jce.jar;C:\Program Files\Java\jdk1.8.0_151\jre\lib\jfr.jar;C:\Program Files\Java\jdk1.8.0_151\jre\lib\jfxswt.jar;C:\Program Files\Java\jdk1.8.0_151\jre\lib\jsse.jar;C:\Program Files\Java\jdk1.8.0_151\jre\lib\management-agent.jar;C:\Program Files\Java\jdk1.8.0_151\jre\lib\plugin.jar;C:\Program Files\Java\jdk1.8.0_151\jre\lib\resources.jar;C:\Program Files\Java\jdk1.8.0_151\jre\lib\rt.jar;D:\git\vhr-api\mail-server\target\classes;D:\git\vhr-api\vhr-server\vhr-model\target\classes;F:\maven\repository\org\springframework\boot\spring-boot-starter-web\2.4.0\spring-boot-starter-web-2.4.0.jar;F:\maven\repository\org\springframework\boot\spring-boot-starter-json\2.4.0\spring-boot-starter-json-2.4.0.jar;F:\maven\repository\com\fasterxml\jackson\core\jackson-databind\2.11.3\jackson-databind-2.11.3.jar;F:\maven\repository\com\fasterxml\jackson\core\jackson-annotations\2.11.3\jackson-annotations-2.11.3.jar;F:\maven\repository\com\fasterxml\jackson\core\jackson-core\2.11.3\jackson-core-2.11.3.jar;F:\maven\repository\com\fasterxml\jackson
Launcher Type: SUN_STANDARD

Environment Variables:
JAVA_HOME=C:\Program Files\Java\jdk1.8.0_151
CLASSPATH=.;C:\Program Files\Java\jdk1.8.0_151\lib;C:\Program Files\Java\jdk1.8.0_151\lib\dt.jar;C:\Program Files\Java\jdk1.8.0_151\lib\tools.jar
PATH=D:\vmware\bin\;C:\ProgramData\Oracle\Java\javapath;C:\Program Files (x86)\Intel\iCLS Client\;C:\Program Files\Intel\iCLS Client\;C:\windows\system32;C:\windows;C:\windows\System32\Wbem;C:\windows\System32\WindowsPowerShell\v1.0\;C:\Program Files\Microsoft SQL Server\130\Tools\Binn\;C:\WINDOWS\system32;C:\WINDOWS;C:\WINDOWS\System32\Wbem;C:\WINDOWS\System32\WindowsPowerShell\v1.0\;C:\Program Files\dotnet\;C:\Program Files\Microsoft DNX\Dnvm\;F:\Altium\System;C:\Program Files (x86)\NVIDIA Corporation\PhysX\Common;C:\Program Files (x86)\Windows Kits\10\Windows Performance Toolkit\;C:\WINDOWS\System32\OpenSSH\;F:\Program Files (x86)\MySQL\MySQL Server 5.5\bin;C:\Program Files\VisualSVN Server\bin;F:\maven\apache-maven-3.3.9\bin;C:\Program Files\NVIDIA Corporation\NVIDIA NvDLISR;C:\WINDOWS\system32;C:\WINDOWS;C:\WINDOWS\System32\Wbem;C:\WINDOWS\System32\WindowsPowerShell\v1.0\;C:\WINDOWS\System32\OpenSSH\;C:\Program Files\Intel\WiFi\bin\;C:\Program Files\Common Files\Intel\WirelessCommon\;C:\Program Files (x86)\Intel\Intel(R) Management Engine Components\DAL;C:\Program Files\Intel\Intel(R) Management Engine Components\DAL;C:\Program Files (x86)\Intel\Intel(R) Management Engine Components\IPT;C:\Program Files\Intel\Intel(R) Management Engine Components\IPT;C:\Program Files\nodejs\;C:\Program Files\Java\jdk1.8.0_151\bin;C:\Program Files\Java\jdk1.8.0_151\jre\bin;F:\maven\apache-maven-3.3.9\bin;C:\Program Files\TortoiseGit\bin;F:\mysql-8.0.20-winx64\bin;C:\Users\张文亮\AppData\Local\Microsoft\WindowsApps;C:\Users\张文亮\AppData\Local\Microsoft\WindowsApps;F:\新建文件夹;C:\Program Files (x86)\SSH Communications Security\SSH Secure Shell;F:\python;F:\python\Scripts;F:\PyCharm Edu 2018.3\bin;;C:\Users\张文亮\AppData\Roaming\npm;C:\Program Files\Git\cmd;F:\gradle-4.6\bin;;F:\IntelliJ IDEA 2020.1\bin;;F:\vscode\Microsoft VS Code\bin
USERNAME=张文亮
OS=Windows_NT
PROCESSOR_IDENTIFIER=Intel64 Family 6 Model 94 Stepping 3, GenuineIntel



---------------  S Y S T E M  ---------------

OS: Windows 10.0 , 64 bit Build 19041 (10.0.19041.662)

CPU:total 4 (initial active 4) (4 cores per cpu, 1 threads per core) family 6 model 94 stepping 3, cmov, cx8, fxsr, mmx, sse, sse2, sse3, ssse3, sse4.1, sse4.2, popcnt, avx, avx2, aes, clmul, erms, rtm, 3dnowpref, lzcnt, tsc, tscinvbit, bmi1, bmi2, adx

Memory: 4k page, physical 8275872k(429100k free), swap 13518752k(25956k free)

vm_info: Java HotSpot(TM) 64-Bit Server VM (25.151-b12) for windows-amd64 JRE (1.8.0_151-b12), built on Sep  5 2017 19:33:46 by "java_re" with MS VC++ 10.0 (VS2010)

time: Sun Dec 20 17:03:38 2020
elapsed time: 5 seconds (0d 0h 0m 5s)

